GL_LOG_FILE log. local time Thu Oct  1 17:30:36 2020

starting GLFW
3.3.2 Win32 WGL EGL OSMesa VisualC
Renderer: Intel(R) HD Graphics 530
OpenGL version supported 3.2.0 - Build 21.20.16.4664
GL Context Params:
GL_MAX_COMBINED_TEXTURE_IMAGE_UNITS 192
GL_MAX_CUBE_MAP_TEXTURE_SIZE 16384
GL_MAX_DRAW_BUFFERS 8
GL_MAX_FRAGMENT_UNIFORM_COMPONENTS 4096
GL_MAX_TEXTURE_IMAGE_UNITS 32
GL_MAX_TEXTURE_SIZE 16384
GL_MAX_VARYING_FLOATS 64
GL_MAX_VERTEX_ATTRIBS 16
GL_MAX_VERTEX_TEXTURE_IMAGE_UNITS 32
GL_MAX_VERTEX_UNIFORM_COMPONENTS 4096
GL_MAX_VIEWPORT_DIMS 16384 16384
GL_STEREO 0
-----------------------------
shader info log for GL index 1:

shader info log for GL index 2:

--------------------
shader programme 3 info:
GL_LINK_STATUS = 1
GL_ATTACHED_SHADERS = 2
GL_ACTIVE_ATTRIBUTES = 2
  0) type:vec3 name:vertex_position location:0
  1) type:vec3 name:vertex_colour location:1
GL_ACTIVE_UNIFORMS = 1
  0) type:mat4 name:mvp location:0
program info log for GL index 3:
